<?xml version="1.0" encoding="UTF-8"?>
<!-- Generated by org.testng.reporters.JUnitReportReporter -->
<testsuite hostname="Vaishnavi" failures="0" tests="4" name="TestRunner.MyTestRunner" time="64.760" errors="0" timestamp="2025-09-08T17:24:02 IST" skipped="0">
  <testcase classname="TestRunner.MyTestRunner" name="runScenario" time="33.549"/>
  <testcase classname="TestRunner.MyTestRunner" name="runScenario" time="9.196"/>
  <testcase classname="TestRunner.MyTestRunner" name="runScenario" time="9.305"/>
  <testcase classname="TestRunner.MyTestRunner" name="runScenario" time="12.710"/>
</testsuite> <!-- TestRunner.MyTestRunner -->
