<?xml version="1.0" encoding="UTF-8"?>
<!-- Generated by org.testng.reporters.JUnitReportReporter -->
<testsuite hostname="Vaishnavi" failures="0" tests="4" name="TestRunner.MyTestRunner" time="65.490" errors="0" timestamp="2025-09-08T17:25:49 IST" skipped="0">
  <testcase classname="TestRunner.MyTestRunner" name="runScenario" time="35.977"/>
  <testcase classname="TestRunner.MyTestRunner" name="runScenario" time="9.810"/>
  <testcase classname="TestRunner.MyTestRunner" name="runScenario" time="10.397"/>
  <testcase classname="TestRunner.MyTestRunner" name="runScenario" time="9.306"/>
</testsuite> <!-- TestRunner.MyTestRunner -->
